INFO:root:821.35107421875
INFO:root:Complete torch.Size([22, 62]) torch.Size([19, 3])
INFO:root:1016.3228759765625
INFO:root:Complete torch.Size([22, 62]) torch.Size([19, 3])
INFO:root:782.175537109375
INFO:root:Complete torch.Size([22, 62]) torch.Size([19, 3])
INFO:root:924.1334838867188
INFO:root:Complete torch.Size([22, 62]) torch.Size([19, 3])
INFO:root:1016.3228759765625
INFO:root:Complete torch.Size([22, 62]) torch.Size([19, 3])
INFO:root:1016.3228759765625
INFO:root:Complete torch.Size([22, 62]) torch.Size([19, 3])
INFO:root:1016.3228759765625
INFO:root:Complete torch.Size([22, 62]) torch.Size([19, 3])
INFO:root:1016.3228759765625
INFO:root:Complete torch.Size([22, 62]) torch.Size([19, 3])
INFO:root:1016.3228759765625
INFO:root:Complete torch.Size([22, 62]) torch.Size([19, 3])
INFO:root:1016.3228759765625
INFO:root:Complete torch.Size([22, 62]) torch.Size([19, 3])
INFO:root:836.834716796875
INFO:root:Complete torch.Size([22, 62]) torch.Size([19, 3])
INFO:root:836.834716796875
INFO:root:Complete torch.Size([22, 62]) torch.Size([19, 3])
INFO:root:705.744873046875
INFO:root:Complete torch.Size([22, 62]) torch.Size([19, 3])
INFO:root:836.834716796875
INFO:root:Complete torch.Size([22, 62]) torch.Size([19, 3])
INFO:root:836.834716796875
INFO:root:Complete torch.Size([22, 62]) torch.Size([19, 3])
INFO:root:836.834716796875
INFO:root:Complete torch.Size([22, 62]) torch.Size([19, 3])
INFO:root:836.834716796875
INFO:root:Complete torch.Size([22, 62]) torch.Size([19, 3])
INFO:root:836.834716796875
INFO:root:Complete torch.Size([22, 62]) torch.Size([19, 3])
INFO:root:836.834716796875
INFO:root:Complete torch.Size([22, 62]) torch.Size([19, 3])
INFO:root:836.834716796875
INFO:root:Complete torch.Size([22, 62]) torch.Size([19, 3])
